C51 COMPILER V9.60.0.0   DELAY                                                             01/13/2024 20:02:56 PAGE 1   


C51 COMPILER V9.60.0.0, COMPILATION OF MODULE DELAY
OBJECT MODULE PLACED IN .\OBJ\delay.obj
COMPILER INVOKED BY: D:\keil\KEIL_MDK\C51\BIN\C51.EXE APP\base\delay.c LARGE ROM(COMPACT) OPTIMIZE(6,SIZE) BROWSE INCDIR
                    -(.\APP\base;.\APP\LoRa;.\APP\uart;.\APP\MidWare;.\APP\numTools;.\APP\sensor) DEBUG OBJECTEXTEND PRINT(.\delay.lst) OBJEC
                    -T(.\OBJ\delay.obj)

line level    source

   1          #include "delay.h"
   2          #include "typedef.h"
   3          
   4          void Delay1ms(u16 count)                //@22.1184MHz
   5          {
   6   1              unsigned char i, j;
   7   1      
   8   1              _nop_();
   9   1              _nop_();
  10   1              i = 22;
  11   1              j = 128;
  12   1              while(count--)
  13   1              {
  14   2                      do
  15   2                      {
  16   3                              while (--j);
  17   3                      } while (--i);
  18   2              }
  19   1      }
  20          
  21          void Delay1s(unsigned int ii)
  22          {
  23   1        int j;
  24   1         while(ii--){
  25   2           for(j=0;j<1000;j++);
  26   2         }
  27   1      }
  28          
  29          
  30          void Delay100ms()               //@22.1184MHz
  31          {
  32   1              unsigned char i, j, k;
  33   1      
  34   1              _nop_();
  35   1              _nop_();
  36   1              i = 9;
  37   1              j = 104;
  38   1              k = 139;
  39   1              do
  40   1              {
  41   2                      do
  42   2                      {
  43   3                              while (--k);
  44   3                      } while (--j);
  45   2              } while (--i);
  46   1      }
  47          
  48          
  49          void Delay300ms(void)   //@22.1184MHz
  50          {
  51   1              unsigned char data i, j, k;
  52   1      
  53   1              _nop_();
C51 COMPILER V9.60.0.0   DELAY                                                             01/13/2024 20:02:56 PAGE 2   

  54   1              _nop_();
  55   1              i = 26;
  56   1              j = 55;
  57   1              k = 171;
  58   1              do
  59   1              {
  60   2                      do
  61   2                      {
  62   3                              while (--k);
  63   3                      } while (--j);
  64   2              } while (--i);
  65   1      }
  66          
  67          
  68          
  69          void Delay1000ms()              //@22.1184MHz
  70          {
  71   1              unsigned char i, j, k;
  72   1      
  73   1              _nop_();
  74   1              _nop_();
  75   1              i = 85;
  76   1              j = 12;
  77   1              k = 155;
  78   1              do
  79   1              {
  80   2                      do
  81   2                      {
  82   3                              while (--k);
  83   3                      } while (--j);
  84   2              } while (--i);
  85   1      }
  86          
  87          
  88          
  89          //1s的延时在sx1278的库中有定义，避免有重复定义
  90          


MODULE INFORMATION:   STATIC OVERLAYABLE
   CODE SIZE        =    106    ----
   CONSTANT SIZE    =   ----    ----
   XDATA SIZE       =   ----    ----
   PDATA SIZE       =   ----    ----
   DATA SIZE        =   ----       3
   IDATA SIZE       =   ----    ----
   BIT SIZE         =   ----    ----
END OF MODULE INFORMATION.


C51 COMPILATION COMPLETE.  0 WARNING(S),  0 ERROR(S)
