C51 COMPILER V9.60.0.0   SENSOR                                                            01/13/2024 20:02:56 PAGE 1   


C51 COMPILER V9.60.0.0, COMPILATION OF MODULE SENSOR
OBJECT MODULE PLACED IN .\OBJ\sensor.obj
COMPILER INVOKED BY: D:\keil\KEIL_MDK\C51\BIN\C51.EXE APP\sensor\sensor.c LARGE ROM(COMPACT) OPTIMIZE(6,SIZE) BROWSE INC
                    -DIR(.\APP\base;.\APP\LoRa;.\APP\uart;.\APP\MidWare;.\APP\numTools;.\APP\sensor) DEBUG OBJECTEXTEND PRINT(.\sensor.lst) O
                    -BJECT(.\OBJ\sensor.obj)

line level    source

   1          #include "sensor.h"
   2          
   3          sensorStruct sensorData;
   4          
   5          u16 getWet(void)
   6          {
   7   1              return 0;
   8   1      }
   9          
  10          u16 getTemperature(void)
  11          {
  12   1              return 0;
  13   1      }
  14          
  15          u16 getPower(void)
  16          {
  17   1              return 0;
  18   1      }
  19          
  20          void getAllData(sensorStruct* dat)
  21          {
  22   1              float temp[2] = {12.344f, 56.785f};
  23   1              dat->wet = (u16)(temp[0]*100+0.5f);
  24   1              dat->temperature = (u16)(temp[1]*100+0.5f);
  25   1              dat->power = 67;
  26   1              dat->swi = 16;
  27   1      }
  28          


MODULE INFORMATION:   STATIC OVERLAYABLE
   CODE SIZE        =    137    ----
   CONSTANT SIZE    =      8    ----
   XDATA SIZE       =      7      11
   PDATA SIZE       =   ----    ----
   DATA SIZE        =   ----    ----
   IDATA SIZE       =   ----    ----
   BIT SIZE         =   ----    ----
END OF MODULE INFORMATION.


C51 COMPILATION COMPLETE.  0 WARNING(S),  0 ERROR(S)
