C51 COMPILER V9.60.0.0   SYNCHRON                                                          01/12/2024 22:11:18 PAGE 1   


C51 COMPILER V9.60.0.0, COMPILATION OF MODULE SYNCHRON
OBJECT MODULE PLACED IN .\OBJ\synchron.obj
COMPILER INVOKED BY: D:\keil\KEIL_MDK\C51\BIN\C51.EXE APP\MidWare\synchron.c LARGE ROM(COMPACT) OPTIMIZE(0,SPEED) BROWSE
                    - INCDIR(.\APP\base;.\APP\LoRa;.\APP\uart;.\APP\MidWare;.\APP\numTools) DEBUG OBJECTEXTEND PRINT(.\synchron.lst) OBJECT(.
                    -\OBJ\synchron.obj)

line level    source

   1          #include "synchron.h"
   2          #include "gpio.h"
   3          
   4          //下面的变量会被反复擦写，尤其是中断，我希望它每次擦写都能立刻在全局生效
   5          volatile word2byte synPeriod; 
   6          u16 lastPeriod = 0; 
   7          u8 currentNode = 0;//当前通信的目标节点编号
   8          u8 synReady = 0;
   9          
  10          
  11          #ifdef specialStation
  12          //暂时用按键代替就绪信号
  13          u8 getReadySign(void)
  14          {
  15   1      //      if(KEY0 == 0)
  16   1      //      {
  17   1      //              synReady = 1;
  18   1      //      }
  19   1      //      return 0;
  20   1              if(KEY1 == 0)
  21   1                      return 0xff;
  22   1              else
  23   1                      return 0;
  24   1      }
  25          
  26          //void advancePeriod(void)
  27          //{
  28          //      if(synReady == 1)
  29          //      {
  30          //              synPeriod+=10;//方便测试
  31          //              synReady = 0;
  32          //      }
  33          //}
  34          
  35          //void signCreate(void)
  36          //{
  37          //      
  38          //}
  39          
  40          #endif


MODULE INFORMATION:   STATIC OVERLAYABLE
   CODE SIZE        =      9    ----
   CONSTANT SIZE    =   ----    ----
   XDATA SIZE       =      6    ----
   PDATA SIZE       =   ----    ----
   DATA SIZE        =   ----    ----
   IDATA SIZE       =   ----    ----
   BIT SIZE         =   ----    ----
END OF MODULE INFORMATION.


C51 COMPILATION COMPLETE.  0 WARNING(S),  0 ERROR(S)
