C51 COMPILER V9.60.0.0   DELAY                                                             01/13/2024 20:02:51 PAGE 1   


C51 COMPILER V9.60.0.0, COMPILATION OF MODULE DELAY
OBJECT MODULE PLACED IN .\OBJ\delay.obj
COMPILER INVOKED BY: D:\keil\KEIL_MDK\C51\BIN\C51.EXE APP\base\delay.c LARGE ROM(COMPACT) OPTIMIZE(6,SIZE) BROWSE INCDIR
                    -(.\APP\base;.\APP\LoRa;.\APP\uart;.\APP\MidWare) DEBUG OBJECTEXTEND PRINT(.\delay.lst) OBJECT(.\OBJ\delay.obj)

line level    source

   1          #include "delay.h"
   2          #include "typedef.h"
   3          
   4          void Delay1ms(u16 count)                //@22.1184MHz
   5          {
   6   1              unsigned char i, j;
   7   1      
   8   1              _nop_();
   9   1              _nop_();
  10   1              i = 22;
  11   1              j = 128;
  12   1              while(count--)
  13   1              {
  14   2                      do
  15   2                      {
  16   3                              while (--j);
  17   3                      } while (--i);
  18   2              }
  19   1      }
  20          
  21          void Delay1s(unsigned int ii)
  22          {
  23   1        int j;
  24   1         while(ii--){
  25   2           for(j=0;j<1000;j++);
  26   2         }
  27   1      }
  28          
  29          void Delay100ms()               //@22.1184MHz
  30          {
  31   1              unsigned char i, j, k;
  32   1      
  33   1              _nop_();
  34   1              _nop_();
  35   1              i = 9;
  36   1              j = 104;
  37   1              k = 139;
  38   1              do
  39   1              {
  40   2                      do
  41   2                      {
  42   3                              while (--k);
  43   3                      } while (--j);
  44   2              } while (--i);
  45   1      }
  46          
  47          
  48          void Delay300ms(void)   //@22.1184MHz
  49          {
  50   1              unsigned char data i, j, k;
  51   1      
  52   1              _nop_();
  53   1              _nop_();
  54   1              i = 26;
C51 COMPILER V9.60.0.0   DELAY                                                             01/13/2024 20:02:51 PAGE 2   

  55   1              j = 55;
  56   1              k = 171;
  57   1              do
  58   1              {
  59   2                      do
  60   2                      {
  61   3                              while (--k);
  62   3                      } while (--j);
  63   2              } while (--i);
  64   1      }
  65          
  66          
  67          
  68          void Delay1000ms()              //@22.1184MHz
  69          {
  70   1              unsigned char i, j, k;
  71   1      
  72   1              _nop_();
  73   1              _nop_();
  74   1              i = 85;
  75   1              j = 12;
  76   1              k = 155;
  77   1              do
  78   1              {
  79   2                      do
  80   2                      {
  81   3                              while (--k);
  82   3                      } while (--j);
  83   2              } while (--i);
  84   1      
  85   1      }
  86          //1s的延时在sx1278的库中有定义，避免有重复定义
  87          


MODULE INFORMATION:   STATIC OVERLAYABLE
   CODE SIZE        =    106    ----
   CONSTANT SIZE    =   ----    ----
   XDATA SIZE       =   ----    ----
   PDATA SIZE       =   ----    ----
   DATA SIZE        =   ----       3
   IDATA SIZE       =   ----    ----
   BIT SIZE         =   ----    ----
END OF MODULE INFORMATION.


C51 COMPILATION COMPLETE.  0 WARNING(S),  0 ERROR(S)
