C51 COMPILER V9.60.0.0   MAIN                                                              01/13/2024 20:02:50 PAGE 1   


C51 COMPILER V9.60.0.0, COMPILATION OF MODULE MAIN
OBJECT MODULE PLACED IN .\OBJ\MAIN.obj
COMPILER INVOKED BY: D:\keil\KEIL_MDK\C51\BIN\C51.EXE MAIN.C LARGE ROM(COMPACT) OPTIMIZE(6,SIZE) BROWSE INCDIR(.\APP\bas
                    -e;.\APP\LoRa;.\APP\uart;.\APP\MidWare) DEBUG OBJECTEXTEND OBJECT(.\OBJ\MAIN.obj)

line level    source

   1          #include "typedef.h"
   2          #include "gpio.h"
   3          #include "string.h"
   4          #include "uart.h"
   5          #include "SX1278.h"
   6          #include "synchron.h"
   7          #include "stdio.h"
   8          #include "delay.h"
   9          #include "lora.h"
  10          
  11          extern u8 USART_RX_BUF[USART_REC_LEN];
  12          extern u16 USART_RX_STA;
  13          extern u16 currentNode;
  14          extern u16 lastPeriod;
  15          
  16          char contextBuffer[8]="";
  17          u16 wet=60, tem=26, swi=11, pwr=88;
  18          u8 tx_buff[12]={0};
  19          u8 cycle_num = 0;
  20          
  21          void main(void) 
  22          {
  23   1              UartInit();
  24   1              hardwareInit();
  25   1              loraInit();
  26   1              synPeriod.word = 0;
  27   1              LED1 = 0;
  28   1              while (1) 
  29   1              {
  30   2                      while(synPeriod.word < 25)
  31   2                      {
  32   3                              if( (synPeriod.word - lastPeriod) >= 1 )        //第n+1个周期开始
  33   3                              {
  34   4                                      loraStationFreqHopping();
  35   4                                      lastPeriod = synPeriod.word;
  36   4                                      LED0 = !LED0;                                                           //亮灯
  37   4                              }
  38   3                              else                                                    //跳频结束
  39   3                              {
  40   4      //                              LED0 = 1;                                                               
  41   4                              }
  42   3                              loraRxData();           //常态接收
  43   3      //                      Delay100ms();
  44   3                      }
  45   2                      
  46   2              }
  47   1      }
  48          
  49          
  50          
  51          
  52          
  53          

C51 COMPILER V9.60.0.0   MAIN                                                              01/13/2024 20:02:50 PAGE 2   


MODULE INFORMATION:   STATIC OVERLAYABLE
   CODE SIZE        =     89    ----
   CONSTANT SIZE    =   ----    ----
   XDATA SIZE       =     29    ----
   PDATA SIZE       =   ----    ----
   DATA SIZE        =   ----    ----
   IDATA SIZE       =   ----    ----
   BIT SIZE         =   ----    ----
END OF MODULE INFORMATION.


C51 COMPILATION COMPLETE.  0 WARNING(S),  0 ERROR(S)
